[2021-11-01 08:02:21] local.ERROR: Method App\Http\Controllers\AnimalController::destroy does not exist. {"exception":"[object] (BadMethodCallException(code: 0): Method App\\Http\\Controllers\\AnimalController::destroy does not exist. at /media/lana/Data1/appLaravel/animals-api/vendor/laravel/framework/src/Illuminate/Routing/Controller.php:68)
[stacktrace]
#0 /media/lana/Data1/appLaravel/animals-api/vendor/laravel/framework/src/Illuminate/Routing/Controller.php(54): Illuminate\\Routing\\Controller->__call()
#1 /media/lana/Data1/appLaravel/animals-api/vendor/laravel/framework/src/Illuminate/Routing/ControllerDispatcher.php(45): Illuminate\\Routing\\Controller->callAction()
#2 /media/lana/Data1/appLaravel/animals-api/vendor/laravel/framework/src/Illuminate/Routing/Route.php(262): Illuminate\\Routing\\ControllerDispatcher->dispatch()
#3 /media/lana/Data1/appLaravel/animals-api/vendor/laravel/framework/src/Illuminate/Routing/Route.php(205): Illuminate\\Routing\\Route->runController()
#4 /media/lana/Data1/appLaravel/animals-api/vendor/laravel/framework/src/Illuminate/Routing/Router.php(695): Illuminate\\Routing\\Route->run()
#5 /media/lana/Data1/appLaravel/animals-api/vendor/laravel/framework/src/Illuminate/Pipeline/Pipeline.php(128): Illuminate\\Routing\\Router->Illuminate\\Routing\\{closure}()
#6 /media/lana/Data1/appLaravel/animals-api/vendor/laravel/framework/src/Illuminate/Routing/Middleware/SubstituteBindings.php(50): Illuminate\\Pipeline\\Pipeline->Illuminate\\Pipeline\\{closure}()
#7 /media/lana/Data1/appLaravel/animals-api/vendor/laravel/framework/src/Illuminate/Pipeline/Pipeline.php(167): Illuminate\\Routing\\Middleware\\SubstituteBindings->handle()
#8 /media/lana/Data1/appLaravel/animals-api/vendor/laravel/framework/src/Illuminate/Routing/Middleware/ThrottleRequests.php(127): Illuminate\\Pipeline\\Pipeline->Illuminate\\Pipeline\\{closure}()
#9 /media/lana/Data1/appLaravel/animals-api/vendor/laravel/framework/src/Illuminate/Routing/Middleware/ThrottleRequests.php(103): Illuminate\\Routing\\Middleware\\ThrottleRequests->handleRequest()
#10 /media/lana/Data1/appLaravel/animals-api/vendor/laravel/framework/src/Illuminate/Routing/Middleware/ThrottleRequests.php(55): Illuminate\\Routing\\Middleware\\ThrottleRequests->handleRequestUsingNamedLimiter()
#11 /media/lana/Data1/appLaravel/animals-api/vendor/laravel/framework/src/Illuminate/Pipeline/Pipeline.php(167): Illuminate\\Routing\\Middleware\\ThrottleRequests->handle()
#12 /media/lana/Data1/appLaravel/animals-api/vendor/laravel/framework/src/Illuminate/Pipeline/Pipeline.php(103): Illuminate\\Pipeline\\Pipeline->Illuminate\\Pipeline\\{closure}()
#13 /media/lana/Data1/appLaravel/animals-api/vendor/laravel/framework/src/Illuminate/Routing/Router.php(697): Illuminate\\Pipeline\\Pipeline->then()
#14 /media/lana/Data1/appLaravel/animals-api/vendor/laravel/framework/src/Illuminate/Routing/Router.php(672): Illuminate\\Routing\\Router->runRouteWithinStack()
#15 /media/lana/Data1/appLaravel/animals-api/vendor/laravel/framework/src/Illuminate/Routing/Router.php(636): Illuminate\\Routing\\Router->runRoute()
#16 /media/lana/Data1/appLaravel/animals-api/vendor/laravel/framework/src/Illuminate/Routing/Router.php(625): Illuminate\\Routing\\Router->dispatchToRoute()
#17 /media/lana/Data1/appLaravel/animals-api/vendor/laravel/framework/src/Illuminate/Foundation/Http/Kernel.php(167): Illuminate\\Routing\\Router->dispatch()
#18 /media/lana/Data1/appLaravel/animals-api/vendor/laravel/framework/src/Illuminate/Pipeline/Pipeline.php(128): Illuminate\\Foundation\\Http\\Kernel->Illuminate\\Foundation\\Http\\{closure}()
#19 /media/lana/Data1/appLaravel/animals-api/vendor/laravel/framework/src/Illuminate/Foundation/Http/Middleware/TransformsRequest.php(21): Illuminate\\Pipeline\\Pipeline->Illuminate\\Pipeline\\{closure}()
#20 /media/lana/Data1/appLaravel/animals-api/vendor/laravel/framework/src/Illuminate/Foundation/Http/Middleware/ConvertEmptyStringsToNull.php(31): Illuminate\\Foundation\\Http\\Middleware\\TransformsRequest->handle()
#21 /media/lana/Data1/appLaravel/animals-api/vendor/laravel/framework/src/Illuminate/Pipeline/Pipeline.php(167): Illuminate\\Foundation\\Http\\Middleware\\ConvertEmptyStringsToNull->handle()
#22 /media/lana/Data1/appLaravel/animals-api/vendor/laravel/framework/src/Illuminate/Foundation/Http/Middleware/TransformsRequest.php(21): Illuminate\\Pipeline\\Pipeline->Illuminate\\Pipeline\\{closure}()
#23 /media/lana/Data1/appLaravel/animals-api/vendor/laravel/framework/src/Illuminate/Foundation/Http/Middleware/TrimStrings.php(40): Illuminate\\Foundation\\Http\\Middleware\\TransformsRequest->handle()
#24 /media/lana/Data1/appLaravel/animals-api/vendor/laravel/framework/src/Illuminate/Pipeline/Pipeline.php(167): Illuminate\\Foundation\\Http\\Middleware\\TrimStrings->handle()
#25 /media/lana/Data1/appLaravel/animals-api/vendor/laravel/framework/src/Illuminate/Foundation/Http/Middleware/ValidatePostSize.php(27): Illuminate\\Pipeline\\Pipeline->Illuminate\\Pipeline\\{closure}()
#26 /media/lana/Data1/appLaravel/animals-api/vendor/laravel/framework/src/Illuminate/Pipeline/Pipeline.php(167): Illuminate\\Foundation\\Http\\Middleware\\ValidatePostSize->handle()
#27 /media/lana/Data1/appLaravel/animals-api/vendor/laravel/framework/src/Illuminate/Foundation/Http/Middleware/PreventRequestsDuringMaintenance.php(86): Illuminate\\Pipeline\\Pipeline->Illuminate\\Pipeline\\{closure}()
#28 /media/lana/Data1/appLaravel/animals-api/vendor/laravel/framework/src/Illuminate/Pipeline/Pipeline.php(167): Illuminate\\Foundation\\Http\\Middleware\\PreventRequestsDuringMaintenance->handle()
#29 /media/lana/Data1/appLaravel/animals-api/vendor/fruitcake/laravel-cors/src/HandleCors.php(52): Illuminate\\Pipeline\\Pipeline->Illuminate\\Pipeline\\{closure}()
#30 /media/lana/Data1/appLaravel/animals-api/vendor/laravel/framework/src/Illuminate/Pipeline/Pipeline.php(167): Fruitcake\\Cors\\HandleCors->handle()
#31 /media/lana/Data1/appLaravel/animals-api/vendor/laravel/framework/src/Illuminate/Http/Middleware/TrustProxies.php(39): Illuminate\\Pipeline\\Pipeline->Illuminate\\Pipeline\\{closure}()
#32 /media/lana/Data1/appLaravel/animals-api/vendor/laravel/framework/src/Illuminate/Pipeline/Pipeline.php(167): Illuminate\\Http\\Middleware\\TrustProxies->handle()
#33 /media/lana/Data1/appLaravel/animals-api/vendor/laravel/framework/src/Illuminate/Pipeline/Pipeline.php(103): Illuminate\\Pipeline\\Pipeline->Illuminate\\Pipeline\\{closure}()
#34 /media/lana/Data1/appLaravel/animals-api/vendor/laravel/framework/src/Illuminate/Foundation/Http/Kernel.php(142): Illuminate\\Pipeline\\Pipeline->then()
#35 /media/lana/Data1/appLaravel/animals-api/vendor/laravel/framework/src/Illuminate/Foundation/Http/Kernel.php(111): Illuminate\\Foundation\\Http\\Kernel->sendRequestThroughRouter()
#36 /media/lana/Data1/appLaravel/animals-api/public/index.php(52): Illuminate\\Foundation\\Http\\Kernel->handle()
#37 /media/lana/Data1/appLaravel/animals-api/server.php(21): require_once('...')
#38 {main}
"} 
[2021-11-01 08:37:59] local.ERROR: Array to string conversion {"exception":"[object] (ErrorException(code: 0): Array to string conversion at /media/lana/Data1/appLaravel/animals-api/app/Http/Controllers/AnimalController.php:19)
[stacktrace]
#0 /media/lana/Data1/appLaravel/animals-api/app/Http/Controllers/AnimalController.php(19): Illuminate\\Foundation\\Bootstrap\\HandleExceptions->handleError()
#1 /media/lana/Data1/appLaravel/animals-api/vendor/laravel/framework/src/Illuminate/Routing/Controller.php(54): App\\Http\\Controllers\\AnimalController->index()
#2 /media/lana/Data1/appLaravel/animals-api/vendor/laravel/framework/src/Illuminate/Routing/ControllerDispatcher.php(45): Illuminate\\Routing\\Controller->callAction()
#3 /media/lana/Data1/appLaravel/animals-api/vendor/laravel/framework/src/Illuminate/Routing/Route.php(262): Illuminate\\Routing\\ControllerDispatcher->dispatch()
#4 /media/lana/Data1/appLaravel/animals-api/vendor/laravel/framework/src/Illuminate/Routing/Route.php(205): Illuminate\\Routing\\Route->runController()
#5 /media/lana/Data1/appLaravel/animals-api/vendor/laravel/framework/src/Illuminate/Routing/Router.php(695): Illuminate\\Routing\\Route->run()
#6 /media/lana/Data1/appLaravel/animals-api/vendor/laravel/framework/src/Illuminate/Pipeline/Pipeline.php(128): Illuminate\\Routing\\Router->Illuminate\\Routing\\{closure}()
#7 /media/lana/Data1/appLaravel/animals-api/vendor/laravel/framework/src/Illuminate/Routing/Middleware/SubstituteBindings.php(50): Illuminate\\Pipeline\\Pipeline->Illuminate\\Pipeline\\{closure}()
#8 /media/lana/Data1/appLaravel/animals-api/vendor/laravel/framework/src/Illuminate/Pipeline/Pipeline.php(167): Illuminate\\Routing\\Middleware\\SubstituteBindings->handle()
#9 /media/lana/Data1/appLaravel/animals-api/vendor/laravel/framework/src/Illuminate/Routing/Middleware/ThrottleRequests.php(127): Illuminate\\Pipeline\\Pipeline->Illuminate\\Pipeline\\{closure}()
#10 /media/lana/Data1/appLaravel/animals-api/vendor/laravel/framework/src/Illuminate/Routing/Middleware/ThrottleRequests.php(103): Illuminate\\Routing\\Middleware\\ThrottleRequests->handleRequest()
#11 /media/lana/Data1/appLaravel/animals-api/vendor/laravel/framework/src/Illuminate/Routing/Middleware/ThrottleRequests.php(55): Illuminate\\Routing\\Middleware\\ThrottleRequests->handleRequestUsingNamedLimiter()
#12 /media/lana/Data1/appLaravel/animals-api/vendor/laravel/framework/src/Illuminate/Pipeline/Pipeline.php(167): Illuminate\\Routing\\Middleware\\ThrottleRequests->handle()
#13 /media/lana/Data1/appLaravel/animals-api/vendor/laravel/framework/src/Illuminate/Pipeline/Pipeline.php(103): Illuminate\\Pipeline\\Pipeline->Illuminate\\Pipeline\\{closure}()
#14 /media/lana/Data1/appLaravel/animals-api/vendor/laravel/framework/src/Illuminate/Routing/Router.php(697): Illuminate\\Pipeline\\Pipeline->then()
#15 /media/lana/Data1/appLaravel/animals-api/vendor/laravel/framework/src/Illuminate/Routing/Router.php(672): Illuminate\\Routing\\Router->runRouteWithinStack()
#16 /media/lana/Data1/appLaravel/animals-api/vendor/laravel/framework/src/Illuminate/Routing/Router.php(636): Illuminate\\Routing\\Router->runRoute()
#17 /media/lana/Data1/appLaravel/animals-api/vendor/laravel/framework/src/Illuminate/Routing/Router.php(625): Illuminate\\Routing\\Router->dispatchToRoute()
#18 /media/lana/Data1/appLaravel/animals-api/vendor/laravel/framework/src/Illuminate/Foundation/Http/Kernel.php(167): Illuminate\\Routing\\Router->dispatch()
#19 /media/lana/Data1/appLaravel/animals-api/vendor/laravel/framework/src/Illuminate/Pipeline/Pipeline.php(128): Illuminate\\Foundation\\Http\\Kernel->Illuminate\\Foundation\\Http\\{closure}()
#20 /media/lana/Data1/appLaravel/animals-api/vendor/laravel/framework/src/Illuminate/Foundation/Http/Middleware/TransformsRequest.php(21): Illuminate\\Pipeline\\Pipeline->Illuminate\\Pipeline\\{closure}()
#21 /media/lana/Data1/appLaravel/animals-api/vendor/laravel/framework/src/Illuminate/Foundation/Http/Middleware/ConvertEmptyStringsToNull.php(31): Illuminate\\Foundation\\Http\\Middleware\\TransformsRequest->handle()
#22 /media/lana/Data1/appLaravel/animals-api/vendor/laravel/framework/src/Illuminate/Pipeline/Pipeline.php(167): Illuminate\\Foundation\\Http\\Middleware\\ConvertEmptyStringsToNull->handle()
#23 /media/lana/Data1/appLaravel/animals-api/vendor/laravel/framework/src/Illuminate/Foundation/Http/Middleware/TransformsRequest.php(21): Illuminate\\Pipeline\\Pipeline->Illuminate\\Pipeline\\{closure}()
#24 /media/lana/Data1/appLaravel/animals-api/vendor/laravel/framework/src/Illuminate/Foundation/Http/Middleware/TrimStrings.php(40): Illuminate\\Foundation\\Http\\Middleware\\TransformsRequest->handle()
#25 /media/lana/Data1/appLaravel/animals-api/vendor/laravel/framework/src/Illuminate/Pipeline/Pipeline.php(167): Illuminate\\Foundation\\Http\\Middleware\\TrimStrings->handle()
#26 /media/lana/Data1/appLaravel/animals-api/vendor/laravel/framework/src/Illuminate/Foundation/Http/Middleware/ValidatePostSize.php(27): Illuminate\\Pipeline\\Pipeline->Illuminate\\Pipeline\\{closure}()
#27 /media/lana/Data1/appLaravel/animals-api/vendor/laravel/framework/src/Illuminate/Pipeline/Pipeline.php(167): Illuminate\\Foundation\\Http\\Middleware\\ValidatePostSize->handle()
#28 /media/lana/Data1/appLaravel/animals-api/vendor/laravel/framework/src/Illuminate/Foundation/Http/Middleware/PreventRequestsDuringMaintenance.php(86): Illuminate\\Pipeline\\Pipeline->Illuminate\\Pipeline\\{closure}()
#29 /media/lana/Data1/appLaravel/animals-api/vendor/laravel/framework/src/Illuminate/Pipeline/Pipeline.php(167): Illuminate\\Foundation\\Http\\Middleware\\PreventRequestsDuringMaintenance->handle()
#30 /media/lana/Data1/appLaravel/animals-api/vendor/fruitcake/laravel-cors/src/HandleCors.php(52): Illuminate\\Pipeline\\Pipeline->Illuminate\\Pipeline\\{closure}()
#31 /media/lana/Data1/appLaravel/animals-api/vendor/laravel/framework/src/Illuminate/Pipeline/Pipeline.php(167): Fruitcake\\Cors\\HandleCors->handle()
#32 /media/lana/Data1/appLaravel/animals-api/vendor/laravel/framework/src/Illuminate/Http/Middleware/TrustProxies.php(39): Illuminate\\Pipeline\\Pipeline->Illuminate\\Pipeline\\{closure}()
#33 /media/lana/Data1/appLaravel/animals-api/vendor/laravel/framework/src/Illuminate/Pipeline/Pipeline.php(167): Illuminate\\Http\\Middleware\\TrustProxies->handle()
#34 /media/lana/Data1/appLaravel/animals-api/vendor/laravel/framework/src/Illuminate/Pipeline/Pipeline.php(103): Illuminate\\Pipeline\\Pipeline->Illuminate\\Pipeline\\{closure}()
#35 /media/lana/Data1/appLaravel/animals-api/vendor/laravel/framework/src/Illuminate/Foundation/Http/Kernel.php(142): Illuminate\\Pipeline\\Pipeline->then()
#36 /media/lana/Data1/appLaravel/animals-api/vendor/laravel/framework/src/Illuminate/Foundation/Http/Kernel.php(111): Illuminate\\Foundation\\Http\\Kernel->sendRequestThroughRouter()
#37 /media/lana/Data1/appLaravel/animals-api/public/index.php(52): Illuminate\\Foundation\\Http\\Kernel->handle()
#38 /media/lana/Data1/appLaravel/animals-api/server.php(21): require_once('...')
#39 {main}
"} 
[2021-11-01 08:55:57] local.ERROR: Attempt to read property "nama" on string {"exception":"[object] (ErrorException(code: 0): Attempt to read property \"nama\" on string at /media/lana/Data1/appLaravel/animals-api/app/Http/Controllers/AnimalController.php:21)
[stacktrace]
#0 /media/lana/Data1/appLaravel/animals-api/app/Http/Controllers/AnimalController.php(21): Illuminate\\Foundation\\Bootstrap\\HandleExceptions->handleError()
#1 /media/lana/Data1/appLaravel/animals-api/vendor/laravel/framework/src/Illuminate/Routing/Controller.php(54): App\\Http\\Controllers\\AnimalController->index()
#2 /media/lana/Data1/appLaravel/animals-api/vendor/laravel/framework/src/Illuminate/Routing/ControllerDispatcher.php(45): Illuminate\\Routing\\Controller->callAction()
#3 /media/lana/Data1/appLaravel/animals-api/vendor/laravel/framework/src/Illuminate/Routing/Route.php(262): Illuminate\\Routing\\ControllerDispatcher->dispatch()
#4 /media/lana/Data1/appLaravel/animals-api/vendor/laravel/framework/src/Illuminate/Routing/Route.php(205): Illuminate\\Routing\\Route->runController()
#5 /media/lana/Data1/appLaravel/animals-api/vendor/laravel/framework/src/Illuminate/Routing/Router.php(695): Illuminate\\Routing\\Route->run()
#6 /media/lana/Data1/appLaravel/animals-api/vendor/laravel/framework/src/Illuminate/Pipeline/Pipeline.php(128): Illuminate\\Routing\\Router->Illuminate\\Routing\\{closure}()
#7 /media/lana/Data1/appLaravel/animals-api/vendor/laravel/framework/src/Illuminate/Routing/Middleware/SubstituteBindings.php(50): Illuminate\\Pipeline\\Pipeline->Illuminate\\Pipeline\\{closure}()
#8 /media/lana/Data1/appLaravel/animals-api/vendor/laravel/framework/src/Illuminate/Pipeline/Pipeline.php(167): Illuminate\\Routing\\Middleware\\SubstituteBindings->handle()
#9 /media/lana/Data1/appLaravel/animals-api/vendor/laravel/framework/src/Illuminate/Routing/Middleware/ThrottleRequests.php(127): Illuminate\\Pipeline\\Pipeline->Illuminate\\Pipeline\\{closure}()
#10 /media/lana/Data1/appLaravel/animals-api/vendor/laravel/framework/src/Illuminate/Routing/Middleware/ThrottleRequests.php(103): Illuminate\\Routing\\Middleware\\ThrottleRequests->handleRequest()
#11 /media/lana/Data1/appLaravel/animals-api/vendor/laravel/framework/src/Illuminate/Routing/Middleware/ThrottleRequests.php(55): Illuminate\\Routing\\Middleware\\ThrottleRequests->handleRequestUsingNamedLimiter()
#12 /media/lana/Data1/appLaravel/animals-api/vendor/laravel/framework/src/Illuminate/Pipeline/Pipeline.php(167): Illuminate\\Routing\\Middleware\\ThrottleRequests->handle()
#13 /media/lana/Data1/appLaravel/animals-api/vendor/laravel/framework/src/Illuminate/Pipeline/Pipeline.php(103): Illuminate\\Pipeline\\Pipeline->Illuminate\\Pipeline\\{closure}()
#14 /media/lana/Data1/appLaravel/animals-api/vendor/laravel/framework/src/Illuminate/Routing/Router.php(697): Illuminate\\Pipeline\\Pipeline->then()
#15 /media/lana/Data1/appLaravel/animals-api/vendor/laravel/framework/src/Illuminate/Routing/Router.php(672): Illuminate\\Routing\\Router->runRouteWithinStack()
#16 /media/lana/Data1/appLaravel/animals-api/vendor/laravel/framework/src/Illuminate/Routing/Router.php(636): Illuminate\\Routing\\Router->runRoute()
#17 /media/lana/Data1/appLaravel/animals-api/vendor/laravel/framework/src/Illuminate/Routing/Router.php(625): Illuminate\\Routing\\Router->dispatchToRoute()
#18 /media/lana/Data1/appLaravel/animals-api/vendor/laravel/framework/src/Illuminate/Foundation/Http/Kernel.php(167): Illuminate\\Routing\\Router->dispatch()
#19 /media/lana/Data1/appLaravel/animals-api/vendor/laravel/framework/src/Illuminate/Pipeline/Pipeline.php(128): Illuminate\\Foundation\\Http\\Kernel->Illuminate\\Foundation\\Http\\{closure}()
#20 /media/lana/Data1/appLaravel/animals-api/vendor/laravel/framework/src/Illuminate/Foundation/Http/Middleware/TransformsRequest.php(21): Illuminate\\Pipeline\\Pipeline->Illuminate\\Pipeline\\{closure}()
#21 /media/lana/Data1/appLaravel/animals-api/vendor/laravel/framework/src/Illuminate/Foundation/Http/Middleware/ConvertEmptyStringsToNull.php(31): Illuminate\\Foundation\\Http\\Middleware\\TransformsRequest->handle()
#22 /media/lana/Data1/appLaravel/animals-api/vendor/laravel/framework/src/Illuminate/Pipeline/Pipeline.php(167): Illuminate\\Foundation\\Http\\Middleware\\ConvertEmptyStringsToNull->handle()
#23 /media/lana/Data1/appLaravel/animals-api/vendor/laravel/framework/src/Illuminate/Foundation/Http/Middleware/TransformsRequest.php(21): Illuminate\\Pipeline\\Pipeline->Illuminate\\Pipeline\\{closure}()
#24 /media/lana/Data1/appLaravel/animals-api/vendor/laravel/framework/src/Illuminate/Foundation/Http/Middleware/TrimStrings.php(40): Illuminate\\Foundation\\Http\\Middleware\\TransformsRequest->handle()
#25 /media/lana/Data1/appLaravel/animals-api/vendor/laravel/framework/src/Illuminate/Pipeline/Pipeline.php(167): Illuminate\\Foundation\\Http\\Middleware\\TrimStrings->handle()
#26 /media/lana/Data1/appLaravel/animals-api/vendor/laravel/framework/src/Illuminate/Foundation/Http/Middleware/ValidatePostSize.php(27): Illuminate\\Pipeline\\Pipeline->Illuminate\\Pipeline\\{closure}()
#27 /media/lana/Data1/appLaravel/animals-api/vendor/laravel/framework/src/Illuminate/Pipeline/Pipeline.php(167): Illuminate\\Foundation\\Http\\Middleware\\ValidatePostSize->handle()
#28 /media/lana/Data1/appLaravel/animals-api/vendor/laravel/framework/src/Illuminate/Foundation/Http/Middleware/PreventRequestsDuringMaintenance.php(86): Illuminate\\Pipeline\\Pipeline->Illuminate\\Pipeline\\{closure}()
#29 /media/lana/Data1/appLaravel/animals-api/vendor/laravel/framework/src/Illuminate/Pipeline/Pipeline.php(167): Illuminate\\Foundation\\Http\\Middleware\\PreventRequestsDuringMaintenance->handle()
#30 /media/lana/Data1/appLaravel/animals-api/vendor/fruitcake/laravel-cors/src/HandleCors.php(52): Illuminate\\Pipeline\\Pipeline->Illuminate\\Pipeline\\{closure}()
#31 /media/lana/Data1/appLaravel/animals-api/vendor/laravel/framework/src/Illuminate/Pipeline/Pipeline.php(167): Fruitcake\\Cors\\HandleCors->handle()
#32 /media/lana/Data1/appLaravel/animals-api/vendor/laravel/framework/src/Illuminate/Http/Middleware/TrustProxies.php(39): Illuminate\\Pipeline\\Pipeline->Illuminate\\Pipeline\\{closure}()
#33 /media/lana/Data1/appLaravel/animals-api/vendor/laravel/framework/src/Illuminate/Pipeline/Pipeline.php(167): Illuminate\\Http\\Middleware\\TrustProxies->handle()
#34 /media/lana/Data1/appLaravel/animals-api/vendor/laravel/framework/src/Illuminate/Pipeline/Pipeline.php(103): Illuminate\\Pipeline\\Pipeline->Illuminate\\Pipeline\\{closure}()
#35 /media/lana/Data1/appLaravel/animals-api/vendor/laravel/framework/src/Illuminate/Foundation/Http/Kernel.php(142): Illuminate\\Pipeline\\Pipeline->then()
#36 /media/lana/Data1/appLaravel/animals-api/vendor/laravel/framework/src/Illuminate/Foundation/Http/Kernel.php(111): Illuminate\\Foundation\\Http\\Kernel->sendRequestThroughRouter()
#37 /media/lana/Data1/appLaravel/animals-api/public/index.php(52): Illuminate\\Foundation\\Http\\Kernel->handle()
#38 /media/lana/Data1/appLaravel/animals-api/server.php(21): require_once('...')
#39 {main}
"} 
[2021-11-01 08:58:14] local.ERROR: Array to string conversion {"exception":"[object] (ErrorException(code: 0): Array to string conversion at /media/lana/Data1/appLaravel/animals-api/app/Http/Controllers/AnimalController.php:19)
[stacktrace]
#0 /media/lana/Data1/appLaravel/animals-api/app/Http/Controllers/AnimalController.php(19): Illuminate\\Foundation\\Bootstrap\\HandleExceptions->handleError()
#1 /media/lana/Data1/appLaravel/animals-api/vendor/laravel/framework/src/Illuminate/Routing/Controller.php(54): App\\Http\\Controllers\\AnimalController->index()
#2 /media/lana/Data1/appLaravel/animals-api/vendor/laravel/framework/src/Illuminate/Routing/ControllerDispatcher.php(45): Illuminate\\Routing\\Controller->callAction()
#3 /media/lana/Data1/appLaravel/animals-api/vendor/laravel/framework/src/Illuminate/Routing/Route.php(262): Illuminate\\Routing\\ControllerDispatcher->dispatch()
#4 /media/lana/Data1/appLaravel/animals-api/vendor/laravel/framework/src/Illuminate/Routing/Route.php(205): Illuminate\\Routing\\Route->runController()
#5 /media/lana/Data1/appLaravel/animals-api/vendor/laravel/framework/src/Illuminate/Routing/Router.php(695): Illuminate\\Routing\\Route->run()
#6 /media/lana/Data1/appLaravel/animals-api/vendor/laravel/framework/src/Illuminate/Pipeline/Pipeline.php(128): Illuminate\\Routing\\Router->Illuminate\\Routing\\{closure}()
#7 /media/lana/Data1/appLaravel/animals-api/vendor/laravel/framework/src/Illuminate/Routing/Middleware/SubstituteBindings.php(50): Illuminate\\Pipeline\\Pipeline->Illuminate\\Pipeline\\{closure}()
#8 /media/lana/Data1/appLaravel/animals-api/vendor/laravel/framework/src/Illuminate/Pipeline/Pipeline.php(167): Illuminate\\Routing\\Middleware\\SubstituteBindings->handle()
#9 /media/lana/Data1/appLaravel/animals-api/vendor/laravel/framework/src/Illuminate/Routing/Middleware/ThrottleRequests.php(127): Illuminate\\Pipeline\\Pipeline->Illuminate\\Pipeline\\{closure}()
#10 /media/lana/Data1/appLaravel/animals-api/vendor/laravel/framework/src/Illuminate/Routing/Middleware/ThrottleRequests.php(103): Illuminate\\Routing\\Middleware\\ThrottleRequests->handleRequest()
#11 /media/lana/Data1/appLaravel/animals-api/vendor/laravel/framework/src/Illuminate/Routing/Middleware/ThrottleRequests.php(55): Illuminate\\Routing\\Middleware\\ThrottleRequests->handleRequestUsingNamedLimiter()
#12 /media/lana/Data1/appLaravel/animals-api/vendor/laravel/framework/src/Illuminate/Pipeline/Pipeline.php(167): Illuminate\\Routing\\Middleware\\ThrottleRequests->handle()
#13 /media/lana/Data1/appLaravel/animals-api/vendor/laravel/framework/src/Illuminate/Pipeline/Pipeline.php(103): Illuminate\\Pipeline\\Pipeline->Illuminate\\Pipeline\\{closure}()
#14 /media/lana/Data1/appLaravel/animals-api/vendor/laravel/framework/src/Illuminate/Routing/Router.php(697): Illuminate\\Pipeline\\Pipeline->then()
#15 /media/lana/Data1/appLaravel/animals-api/vendor/laravel/framework/src/Illuminate/Routing/Router.php(672): Illuminate\\Routing\\Router->runRouteWithinStack()
#16 /media/lana/Data1/appLaravel/animals-api/vendor/laravel/framework/src/Illuminate/Routing/Router.php(636): Illuminate\\Routing\\Router->runRoute()
#17 /media/lana/Data1/appLaravel/animals-api/vendor/laravel/framework/src/Illuminate/Routing/Router.php(625): Illuminate\\Routing\\Router->dispatchToRoute()
#18 /media/lana/Data1/appLaravel/animals-api/vendor/laravel/framework/src/Illuminate/Foundation/Http/Kernel.php(167): Illuminate\\Routing\\Router->dispatch()
#19 /media/lana/Data1/appLaravel/animals-api/vendor/laravel/framework/src/Illuminate/Pipeline/Pipeline.php(128): Illuminate\\Foundation\\Http\\Kernel->Illuminate\\Foundation\\Http\\{closure}()
#20 /media/lana/Data1/appLaravel/animals-api/vendor/laravel/framework/src/Illuminate/Foundation/Http/Middleware/TransformsRequest.php(21): Illuminate\\Pipeline\\Pipeline->Illuminate\\Pipeline\\{closure}()
#21 /media/lana/Data1/appLaravel/animals-api/vendor/laravel/framework/src/Illuminate/Foundation/Http/Middleware/ConvertEmptyStringsToNull.php(31): Illuminate\\Foundation\\Http\\Middleware\\TransformsRequest->handle()
#22 /media/lana/Data1/appLaravel/animals-api/vendor/laravel/framework/src/Illuminate/Pipeline/Pipeline.php(167): Illuminate\\Foundation\\Http\\Middleware\\ConvertEmptyStringsToNull->handle()
#23 /media/lana/Data1/appLaravel/animals-api/vendor/laravel/framework/src/Illuminate/Foundation/Http/Middleware/TransformsRequest.php(21): Illuminate\\Pipeline\\Pipeline->Illuminate\\Pipeline\\{closure}()
#24 /media/lana/Data1/appLaravel/animals-api/vendor/laravel/framework/src/Illuminate/Foundation/Http/Middleware/TrimStrings.php(40): Illuminate\\Foundation\\Http\\Middleware\\TransformsRequest->handle()
#25 /media/lana/Data1/appLaravel/animals-api/vendor/laravel/framework/src/Illuminate/Pipeline/Pipeline.php(167): Illuminate\\Foundation\\Http\\Middleware\\TrimStrings->handle()
#26 /media/lana/Data1/appLaravel/animals-api/vendor/laravel/framework/src/Illuminate/Foundation/Http/Middleware/ValidatePostSize.php(27): Illuminate\\Pipeline\\Pipeline->Illuminate\\Pipeline\\{closure}()
#27 /media/lana/Data1/appLaravel/animals-api/vendor/laravel/framework/src/Illuminate/Pipeline/Pipeline.php(167): Illuminate\\Foundation\\Http\\Middleware\\ValidatePostSize->handle()
#28 /media/lana/Data1/appLaravel/animals-api/vendor/laravel/framework/src/Illuminate/Foundation/Http/Middleware/PreventRequestsDuringMaintenance.php(86): Illuminate\\Pipeline\\Pipeline->Illuminate\\Pipeline\\{closure}()
#29 /media/lana/Data1/appLaravel/animals-api/vendor/laravel/framework/src/Illuminate/Pipeline/Pipeline.php(167): Illuminate\\Foundation\\Http\\Middleware\\PreventRequestsDuringMaintenance->handle()
#30 /media/lana/Data1/appLaravel/animals-api/vendor/fruitcake/laravel-cors/src/HandleCors.php(52): Illuminate\\Pipeline\\Pipeline->Illuminate\\Pipeline\\{closure}()
#31 /media/lana/Data1/appLaravel/animals-api/vendor/laravel/framework/src/Illuminate/Pipeline/Pipeline.php(167): Fruitcake\\Cors\\HandleCors->handle()
#32 /media/lana/Data1/appLaravel/animals-api/vendor/laravel/framework/src/Illuminate/Http/Middleware/TrustProxies.php(39): Illuminate\\Pipeline\\Pipeline->Illuminate\\Pipeline\\{closure}()
#33 /media/lana/Data1/appLaravel/animals-api/vendor/laravel/framework/src/Illuminate/Pipeline/Pipeline.php(167): Illuminate\\Http\\Middleware\\TrustProxies->handle()
#34 /media/lana/Data1/appLaravel/animals-api/vendor/laravel/framework/src/Illuminate/Pipeline/Pipeline.php(103): Illuminate\\Pipeline\\Pipeline->Illuminate\\Pipeline\\{closure}()
#35 /media/lana/Data1/appLaravel/animals-api/vendor/laravel/framework/src/Illuminate/Foundation/Http/Kernel.php(142): Illuminate\\Pipeline\\Pipeline->then()
#36 /media/lana/Data1/appLaravel/animals-api/vendor/laravel/framework/src/Illuminate/Foundation/Http/Kernel.php(111): Illuminate\\Foundation\\Http\\Kernel->sendRequestThroughRouter()
#37 /media/lana/Data1/appLaravel/animals-api/public/index.php(52): Illuminate\\Foundation\\Http\\Kernel->handle()
#38 /media/lana/Data1/appLaravel/animals-api/server.php(21): require_once('...')
#39 {main}
"} 
[2021-11-01 10:15:34] local.ERROR: Add [nama] to fillable property to allow mass assignment on [App\Models\Student]. {"exception":"[object] (Illuminate\\Database\\Eloquent\\MassAssignmentException(code: 0): Add [nama] to fillable property to allow mass assignment on [App\\Models\\Student]. at /media/lana/Data1/appLaravel/animals-api/vendor/laravel/framework/src/Illuminate/Database/Eloquent/Model.php:433)
[stacktrace]
#0 /media/lana/Data1/appLaravel/animals-api/vendor/laravel/framework/src/Illuminate/Database/Eloquent/Model.php(212): Illuminate\\Database\\Eloquent\\Model->fill()
#1 /media/lana/Data1/appLaravel/animals-api/vendor/laravel/framework/src/Illuminate/Database/Eloquent/Model.php(496): Illuminate\\Database\\Eloquent\\Model->__construct()
#2 /media/lana/Data1/appLaravel/animals-api/vendor/laravel/framework/src/Illuminate/Database/Eloquent/Builder.php(1330): Illuminate\\Database\\Eloquent\\Model->newInstance()
#3 /media/lana/Data1/appLaravel/animals-api/vendor/laravel/framework/src/Illuminate/Database/Eloquent/Builder.php(883): Illuminate\\Database\\Eloquent\\Builder->newModelInstance()
#4 /media/lana/Data1/appLaravel/animals-api/vendor/laravel/framework/src/Illuminate/Support/Traits/ForwardsCalls.php(23): Illuminate\\Database\\Eloquent\\Builder->create()
#5 /media/lana/Data1/appLaravel/animals-api/vendor/laravel/framework/src/Illuminate/Database/Eloquent/Model.php(2117): Illuminate\\Database\\Eloquent\\Model->forwardCallTo()
#6 /media/lana/Data1/appLaravel/animals-api/vendor/laravel/framework/src/Illuminate/Database/Eloquent/Model.php(2129): Illuminate\\Database\\Eloquent\\Model->__call()
#7 /media/lana/Data1/appLaravel/animals-api/app/Http/Controllers/StudentController.php(24): Illuminate\\Database\\Eloquent\\Model::__callStatic()
#8 /media/lana/Data1/appLaravel/animals-api/vendor/laravel/framework/src/Illuminate/Routing/Controller.php(54): App\\Http\\Controllers\\StudentController->create()
#9 /media/lana/Data1/appLaravel/animals-api/vendor/laravel/framework/src/Illuminate/Routing/ControllerDispatcher.php(45): Illuminate\\Routing\\Controller->callAction()
#10 /media/lana/Data1/appLaravel/animals-api/vendor/laravel/framework/src/Illuminate/Routing/Route.php(262): Illuminate\\Routing\\ControllerDispatcher->dispatch()
#11 /media/lana/Data1/appLaravel/animals-api/vendor/laravel/framework/src/Illuminate/Routing/Route.php(205): Illuminate\\Routing\\Route->runController()
#12 /media/lana/Data1/appLaravel/animals-api/vendor/laravel/framework/src/Illuminate/Routing/Router.php(695): Illuminate\\Routing\\Route->run()
#13 /media/lana/Data1/appLaravel/animals-api/vendor/laravel/framework/src/Illuminate/Pipeline/Pipeline.php(128): Illuminate\\Routing\\Router->Illuminate\\Routing\\{closure}()
#14 /media/lana/Data1/appLaravel/animals-api/vendor/laravel/framework/src/Illuminate/Routing/Middleware/SubstituteBindings.php(50): Illuminate\\Pipeline\\Pipeline->Illuminate\\Pipeline\\{closure}()
#15 /media/lana/Data1/appLaravel/animals-api/vendor/laravel/framework/src/Illuminate/Pipeline/Pipeline.php(167): Illuminate\\Routing\\Middleware\\SubstituteBindings->handle()
#16 /media/lana/Data1/appLaravel/animals-api/vendor/laravel/framework/src/Illuminate/Routing/Middleware/ThrottleRequests.php(127): Illuminate\\Pipeline\\Pipeline->Illuminate\\Pipeline\\{closure}()
#17 /media/lana/Data1/appLaravel/animals-api/vendor/laravel/framework/src/Illuminate/Routing/Middleware/ThrottleRequests.php(103): Illuminate\\Routing\\Middleware\\ThrottleRequests->handleRequest()
#18 /media/lana/Data1/appLaravel/animals-api/vendor/laravel/framework/src/Illuminate/Routing/Middleware/ThrottleRequests.php(55): Illuminate\\Routing\\Middleware\\ThrottleRequests->handleRequestUsingNamedLimiter()
#19 /media/lana/Data1/appLaravel/animals-api/vendor/laravel/framework/src/Illuminate/Pipeline/Pipeline.php(167): Illuminate\\Routing\\Middleware\\ThrottleRequests->handle()
#20 /media/lana/Data1/appLaravel/animals-api/vendor/laravel/framework/src/Illuminate/Pipeline/Pipeline.php(103): Illuminate\\Pipeline\\Pipeline->Illuminate\\Pipeline\\{closure}()
#21 /media/lana/Data1/appLaravel/animals-api/vendor/laravel/framework/src/Illuminate/Routing/Router.php(697): Illuminate\\Pipeline\\Pipeline->then()
#22 /media/lana/Data1/appLaravel/animals-api/vendor/laravel/framework/src/Illuminate/Routing/Router.php(672): Illuminate\\Routing\\Router->runRouteWithinStack()
#23 /media/lana/Data1/appLaravel/animals-api/vendor/laravel/framework/src/Illuminate/Routing/Router.php(636): Illuminate\\Routing\\Router->runRoute()
#24 /media/lana/Data1/appLaravel/animals-api/vendor/laravel/framework/src/Illuminate/Routing/Router.php(625): Illuminate\\Routing\\Router->dispatchToRoute()
#25 /media/lana/Data1/appLaravel/animals-api/vendor/laravel/framework/src/Illuminate/Foundation/Http/Kernel.php(167): Illuminate\\Routing\\Router->dispatch()
#26 /media/lana/Data1/appLaravel/animals-api/vendor/laravel/framework/src/Illuminate/Pipeline/Pipeline.php(128): Illuminate\\Foundation\\Http\\Kernel->Illuminate\\Foundation\\Http\\{closure}()
#27 /media/lana/Data1/appLaravel/animals-api/vendor/laravel/framework/src/Illuminate/Foundation/Http/Middleware/TransformsRequest.php(21): Illuminate\\Pipeline\\Pipeline->Illuminate\\Pipeline\\{closure}()
#28 /media/lana/Data1/appLaravel/animals-api/vendor/laravel/framework/src/Illuminate/Foundation/Http/Middleware/ConvertEmptyStringsToNull.php(31): Illuminate\\Foundation\\Http\\Middleware\\TransformsRequest->handle()
#29 /media/lana/Data1/appLaravel/animals-api/vendor/laravel/framework/src/Illuminate/Pipeline/Pipeline.php(167): Illuminate\\Foundation\\Http\\Middleware\\ConvertEmptyStringsToNull->handle()
#30 /media/lana/Data1/appLaravel/animals-api/vendor/laravel/framework/src/Illuminate/Foundation/Http/Middleware/TransformsRequest.php(21): Illuminate\\Pipeline\\Pipeline->Illuminate\\Pipeline\\{closure}()
#31 /media/lana/Data1/appLaravel/animals-api/vendor/laravel/framework/src/Illuminate/Foundation/Http/Middleware/TrimStrings.php(40): Illuminate\\Foundation\\Http\\Middleware\\TransformsRequest->handle()
#32 /media/lana/Data1/appLaravel/animals-api/vendor/laravel/framework/src/Illuminate/Pipeline/Pipeline.php(167): Illuminate\\Foundation\\Http\\Middleware\\TrimStrings->handle()
#33 /media/lana/Data1/appLaravel/animals-api/vendor/laravel/framework/src/Illuminate/Foundation/Http/Middleware/ValidatePostSize.php(27): Illuminate\\Pipeline\\Pipeline->Illuminate\\Pipeline\\{closure}()
#34 /media/lana/Data1/appLaravel/animals-api/vendor/laravel/framework/src/Illuminate/Pipeline/Pipeline.php(167): Illuminate\\Foundation\\Http\\Middleware\\ValidatePostSize->handle()
#35 /media/lana/Data1/appLaravel/animals-api/vendor/laravel/framework/src/Illuminate/Foundation/Http/Middleware/PreventRequestsDuringMaintenance.php(86): Illuminate\\Pipeline\\Pipeline->Illuminate\\Pipeline\\{closure}()
#36 /media/lana/Data1/appLaravel/animals-api/vendor/laravel/framework/src/Illuminate/Pipeline/Pipeline.php(167): Illuminate\\Foundation\\Http\\Middleware\\PreventRequestsDuringMaintenance->handle()
#37 /media/lana/Data1/appLaravel/animals-api/vendor/fruitcake/laravel-cors/src/HandleCors.php(52): Illuminate\\Pipeline\\Pipeline->Illuminate\\Pipeline\\{closure}()
#38 /media/lana/Data1/appLaravel/animals-api/vendor/laravel/framework/src/Illuminate/Pipeline/Pipeline.php(167): Fruitcake\\Cors\\HandleCors->handle()
#39 /media/lana/Data1/appLaravel/animals-api/vendor/laravel/framework/src/Illuminate/Http/Middleware/TrustProxies.php(39): Illuminate\\Pipeline\\Pipeline->Illuminate\\Pipeline\\{closure}()
#40 /media/lana/Data1/appLaravel/animals-api/vendor/laravel/framework/src/Illuminate/Pipeline/Pipeline.php(167): Illuminate\\Http\\Middleware\\TrustProxies->handle()
#41 /media/lana/Data1/appLaravel/animals-api/vendor/laravel/framework/src/Illuminate/Pipeline/Pipeline.php(103): Illuminate\\Pipeline\\Pipeline->Illuminate\\Pipeline\\{closure}()
#42 /media/lana/Data1/appLaravel/animals-api/vendor/laravel/framework/src/Illuminate/Foundation/Http/Kernel.php(142): Illuminate\\Pipeline\\Pipeline->then()
#43 /media/lana/Data1/appLaravel/animals-api/vendor/laravel/framework/src/Illuminate/Foundation/Http/Kernel.php(111): Illuminate\\Foundation\\Http\\Kernel->sendRequestThroughRouter()
#44 /media/lana/Data1/appLaravel/animals-api/public/index.php(52): Illuminate\\Foundation\\Http\\Kernel->handle()
#45 /media/lana/Data1/appLaravel/animals-api/server.php(21): require_once('...')
#46 {main}
"} 
[2021-11-01 11:51:36] local.ERROR: SQLSTATE[42S02]: Base table or view not found: 1146 Table 'laravel_rest_api.posts' doesn't exist (SQL: select count(*) as aggregate from `posts` where `nama` = Akhmad Lylana) {"exception":"[object] (Illuminate\\Database\\QueryException(code: 42S02): SQLSTATE[42S02]: Base table or view not found: 1146 Table 'laravel_rest_api.posts' doesn't exist (SQL: select count(*) as aggregate from `posts` where `nama` = Akhmad Lylana) at /media/lana/Data1/appLaravel/animals-api/vendor/laravel/framework/src/Illuminate/Database/Connection.php:703)
[stacktrace]
#0 /media/lana/Data1/appLaravel/animals-api/vendor/laravel/framework/src/Illuminate/Database/Connection.php(663): Illuminate\\Database\\Connection->runQueryCallback()
#1 /media/lana/Data1/appLaravel/animals-api/vendor/laravel/framework/src/Illuminate/Database/Connection.php(367): Illuminate\\Database\\Connection->run()
#2 /media/lana/Data1/appLaravel/animals-api/vendor/laravel/framework/src/Illuminate/Database/Query/Builder.php(2351): Illuminate\\Database\\Connection->select()
#3 /media/lana/Data1/appLaravel/animals-api/vendor/laravel/framework/src/Illuminate/Database/Query/Builder.php(2339): Illuminate\\Database\\Query\\Builder->runSelect()
#4 /media/lana/Data1/appLaravel/animals-api/vendor/laravel/framework/src/Illuminate/Database/Query/Builder.php(2873): Illuminate\\Database\\Query\\Builder->Illuminate\\Database\\Query\\{closure}()
#5 /media/lana/Data1/appLaravel/animals-api/vendor/laravel/framework/src/Illuminate/Database/Query/Builder.php(2340): Illuminate\\Database\\Query\\Builder->onceWithColumns()
#6 /media/lana/Data1/appLaravel/animals-api/vendor/laravel/framework/src/Illuminate/Database/Query/Builder.php(2800): Illuminate\\Database\\Query\\Builder->get()
#7 /media/lana/Data1/appLaravel/animals-api/vendor/laravel/framework/src/Illuminate/Database/Query/Builder.php(2728): Illuminate\\Database\\Query\\Builder->aggregate()
#8 /media/lana/Data1/appLaravel/animals-api/vendor/laravel/framework/src/Illuminate/Validation/DatabasePresenceVerifier.php(55): Illuminate\\Database\\Query\\Builder->count()
#9 /media/lana/Data1/appLaravel/animals-api/vendor/laravel/framework/src/Illuminate/Validation/Concerns/ValidatesAttributes.php(786): Illuminate\\Validation\\DatabasePresenceVerifier->getCount()
#10 /media/lana/Data1/appLaravel/animals-api/vendor/laravel/framework/src/Illuminate/Validation/Validator.php(603): Illuminate\\Validation\\Validator->validateUnique()
#11 /media/lana/Data1/appLaravel/animals-api/vendor/laravel/framework/src/Illuminate/Validation/Validator.php(412): Illuminate\\Validation\\Validator->validateAttribute()
#12 /media/lana/Data1/appLaravel/animals-api/vendor/laravel/framework/src/Illuminate/Validation/Validator.php(443): Illuminate\\Validation\\Validator->passes()
#13 /media/lana/Data1/appLaravel/animals-api/vendor/laravel/framework/src/Illuminate/Validation/Validator.php(485): Illuminate\\Validation\\Validator->fails()
#14 /media/lana/Data1/appLaravel/animals-api/vendor/laravel/framework/src/Illuminate/Validation/Factory.php(145): Illuminate\\Validation\\Validator->validate()
#15 /media/lana/Data1/appLaravel/animals-api/vendor/laravel/framework/src/Illuminate/Foundation/Providers/FoundationServiceProvider.php(63): Illuminate\\Validation\\Factory->validate()
#16 /media/lana/Data1/appLaravel/animals-api/vendor/laravel/framework/src/Illuminate/Macroable/Traits/Macroable.php(114): Illuminate\\Http\\Request->Illuminate\\Foundation\\Providers\\{closure}()
#17 /media/lana/Data1/appLaravel/animals-api/app/Http/Controllers/StudentController.php(18): Illuminate\\Http\\Request->__call()
#18 /media/lana/Data1/appLaravel/animals-api/vendor/laravel/framework/src/Illuminate/Routing/Controller.php(54): App\\Http\\Controllers\\StudentController->create()
#19 /media/lana/Data1/appLaravel/animals-api/vendor/laravel/framework/src/Illuminate/Routing/ControllerDispatcher.php(45): Illuminate\\Routing\\Controller->callAction()
#20 /media/lana/Data1/appLaravel/animals-api/vendor/laravel/framework/src/Illuminate/Routing/Route.php(262): Illuminate\\Routing\\ControllerDispatcher->dispatch()
#21 /media/lana/Data1/appLaravel/animals-api/vendor/laravel/framework/src/Illuminate/Routing/Route.php(205): Illuminate\\Routing\\Route->runController()
#22 /media/lana/Data1/appLaravel/animals-api/vendor/laravel/framework/src/Illuminate/Routing/Router.php(695): Illuminate\\Routing\\Route->run()
#23 /media/lana/Data1/appLaravel/animals-api/vendor/laravel/framework/src/Illuminate/Pipeline/Pipeline.php(128): Illuminate\\Routing\\Router->Illuminate\\Routing\\{closure}()
#24 /media/lana/Data1/appLaravel/animals-api/vendor/laravel/framework/src/Illuminate/Routing/Middleware/SubstituteBindings.php(50): Illuminate\\Pipeline\\Pipeline->Illuminate\\Pipeline\\{closure}()
#25 /media/lana/Data1/appLaravel/animals-api/vendor/laravel/framework/src/Illuminate/Pipeline/Pipeline.php(167): Illuminate\\Routing\\Middleware\\SubstituteBindings->handle()
#26 /media/lana/Data1/appLaravel/animals-api/vendor/laravel/framework/src/Illuminate/Routing/Middleware/ThrottleRequests.php(127): Illuminate\\Pipeline\\Pipeline->Illuminate\\Pipeline\\{closure}()
#27 /media/lana/Data1/appLaravel/animals-api/vendor/laravel/framework/src/Illuminate/Routing/Middleware/ThrottleRequests.php(103): Illuminate\\Routing\\Middleware\\ThrottleRequests->handleRequest()
#28 /media/lana/Data1/appLaravel/animals-api/vendor/laravel/framework/src/Illuminate/Routing/Middleware/ThrottleRequests.php(55): Illuminate\\Routing\\Middleware\\ThrottleRequests->handleRequestUsingNamedLimiter()
#29 /media/lana/Data1/appLaravel/animals-api/vendor/laravel/framework/src/Illuminate/Pipeline/Pipeline.php(167): Illuminate\\Routing\\Middleware\\ThrottleRequests->handle()
#30 /media/lana/Data1/appLaravel/animals-api/vendor/laravel/framework/src/Illuminate/Pipeline/Pipeline.php(103): Illuminate\\Pipeline\\Pipeline->Illuminate\\Pipeline\\{closure}()
#31 /media/lana/Data1/appLaravel/animals-api/vendor/laravel/framework/src/Illuminate/Routing/Router.php(697): Illuminate\\Pipeline\\Pipeline->then()
#32 /media/lana/Data1/appLaravel/animals-api/vendor/laravel/framework/src/Illuminate/Routing/Router.php(672): Illuminate\\Routing\\Router->runRouteWithinStack()
#33 /media/lana/Data1/appLaravel/animals-api/vendor/laravel/framework/src/Illuminate/Routing/Router.php(636): Illuminate\\Routing\\Router->runRoute()
#34 /media/lana/Data1/appLaravel/animals-api/vendor/laravel/framework/src/Illuminate/Routing/Router.php(625): Illuminate\\Routing\\Router->dispatchToRoute()
#35 /media/lana/Data1/appLaravel/animals-api/vendor/laravel/framework/src/Illuminate/Foundation/Http/Kernel.php(167): Illuminate\\Routing\\Router->dispatch()
#36 /media/lana/Data1/appLaravel/animals-api/vendor/laravel/framework/src/Illuminate/Pipeline/Pipeline.php(128): Illuminate\\Foundation\\Http\\Kernel->Illuminate\\Foundation\\Http\\{closure}()
#37 /media/lana/Data1/appLaravel/animals-api/vendor/laravel/framework/src/Illuminate/Foundation/Http/Middleware/TransformsRequest.php(21): Illuminate\\Pipeline\\Pipeline->Illuminate\\Pipeline\\{closure}()
#38 /media/lana/Data1/appLaravel/animals-api/vendor/laravel/framework/src/Illuminate/Foundation/Http/Middleware/ConvertEmptyStringsToNull.php(31): Illuminate\\Foundation\\Http\\Middleware\\TransformsRequest->handle()
#39 /media/lana/Data1/appLaravel/animals-api/vendor/laravel/framework/src/Illuminate/Pipeline/Pipeline.php(167): Illuminate\\Foundation\\Http\\Middleware\\ConvertEmptyStringsToNull->handle()
#40 /media/lana/Data1/appLaravel/animals-api/vendor/laravel/framework/src/Illuminate/Foundation/Http/Middleware/TransformsRequest.php(21): Illuminate\\Pipeline\\Pipeline->Illuminate\\Pipeline\\{closure}()
#41 /media/lana/Data1/appLaravel/animals-api/vendor/laravel/framework/src/Illuminate/Foundation/Http/Middleware/TrimStrings.php(40): Illuminate\\Foundation\\Http\\Middleware\\TransformsRequest->handle()
#42 /media/lana/Data1/appLaravel/animals-api/vendor/laravel/framework/src/Illuminate/Pipeline/Pipeline.php(167): Illuminate\\Foundation\\Http\\Middleware\\TrimStrings->handle()
#43 /media/lana/Data1/appLaravel/animals-api/vendor/laravel/framework/src/Illuminate/Foundation/Http/Middleware/ValidatePostSize.php(27): Illuminate\\Pipeline\\Pipeline->Illuminate\\Pipeline\\{closure}()
#44 /media/lana/Data1/appLaravel/animals-api/vendor/laravel/framework/src/Illuminate/Pipeline/Pipeline.php(167): Illuminate\\Foundation\\Http\\Middleware\\ValidatePostSize->handle()
#45 /media/lana/Data1/appLaravel/animals-api/vendor/laravel/framework/src/Illuminate/Foundation/Http/Middleware/PreventRequestsDuringMaintenance.php(86): Illuminate\\Pipeline\\Pipeline->Illuminate\\Pipeline\\{closure}()
#46 /media/lana/Data1/appLaravel/animals-api/vendor/laravel/framework/src/Illuminate/Pipeline/Pipeline.php(167): Illuminate\\Foundation\\Http\\Middleware\\PreventRequestsDuringMaintenance->handle()
#47 /media/lana/Data1/appLaravel/animals-api/vendor/fruitcake/laravel-cors/src/HandleCors.php(52): Illuminate\\Pipeline\\Pipeline->Illuminate\\Pipeline\\{closure}()
#48 /media/lana/Data1/appLaravel/animals-api/vendor/laravel/framework/src/Illuminate/Pipeline/Pipeline.php(167): Fruitcake\\Cors\\HandleCors->handle()
#49 /media/lana/Data1/appLaravel/animals-api/vendor/laravel/framework/src/Illuminate/Http/Middleware/TrustProxies.php(39): Illuminate\\Pipeline\\Pipeline->Illuminate\\Pipeline\\{closure}()
#50 /media/lana/Data1/appLaravel/animals-api/vendor/laravel/framework/src/Illuminate/Pipeline/Pipeline.php(167): Illuminate\\Http\\Middleware\\TrustProxies->handle()
#51 /media/lana/Data1/appLaravel/animals-api/vendor/laravel/framework/src/Illuminate/Pipeline/Pipeline.php(103): Illuminate\\Pipeline\\Pipeline->Illuminate\\Pipeline\\{closure}()
#52 /media/lana/Data1/appLaravel/animals-api/vendor/laravel/framework/src/Illuminate/Foundation/Http/Kernel.php(142): Illuminate\\Pipeline\\Pipeline->then()
#53 /media/lana/Data1/appLaravel/animals-api/vendor/laravel/framework/src/Illuminate/Foundation/Http/Kernel.php(111): Illuminate\\Foundation\\Http\\Kernel->sendRequestThroughRouter()
#54 /media/lana/Data1/appLaravel/animals-api/public/index.php(52): Illuminate\\Foundation\\Http\\Kernel->handle()
#55 /media/lana/Data1/appLaravel/animals-api/server.php(21): require_once('...')
#56 {main}

[previous exception] [object] (PDOException(code: 42S02): SQLSTATE[42S02]: Base table or view not found: 1146 Table 'laravel_rest_api.posts' doesn't exist at /media/lana/Data1/appLaravel/animals-api/vendor/laravel/framework/src/Illuminate/Database/Connection.php:359)
[stacktrace]
#0 /media/lana/Data1/appLaravel/animals-api/vendor/laravel/framework/src/Illuminate/Database/Connection.php(359): PDO->prepare()
#1 /media/lana/Data1/appLaravel/animals-api/vendor/laravel/framework/src/Illuminate/Database/Connection.php(696): Illuminate\\Database\\Connection->Illuminate\\Database\\{closure}()
#2 /media/lana/Data1/appLaravel/animals-api/vendor/laravel/framework/src/Illuminate/Database/Connection.php(663): Illuminate\\Database\\Connection->runQueryCallback()
#3 /media/lana/Data1/appLaravel/animals-api/vendor/laravel/framework/src/Illuminate/Database/Connection.php(367): Illuminate\\Database\\Connection->run()
#4 /media/lana/Data1/appLaravel/animals-api/vendor/laravel/framework/src/Illuminate/Database/Query/Builder.php(2351): Illuminate\\Database\\Connection->select()
#5 /media/lana/Data1/appLaravel/animals-api/vendor/laravel/framework/src/Illuminate/Database/Query/Builder.php(2339): Illuminate\\Database\\Query\\Builder->runSelect()
#6 /media/lana/Data1/appLaravel/animals-api/vendor/laravel/framework/src/Illuminate/Database/Query/Builder.php(2873): Illuminate\\Database\\Query\\Builder->Illuminate\\Database\\Query\\{closure}()
#7 /media/lana/Data1/appLaravel/animals-api/vendor/laravel/framework/src/Illuminate/Database/Query/Builder.php(2340): Illuminate\\Database\\Query\\Builder->onceWithColumns()
#8 /media/lana/Data1/appLaravel/animals-api/vendor/laravel/framework/src/Illuminate/Database/Query/Builder.php(2800): Illuminate\\Database\\Query\\Builder->get()
#9 /media/lana/Data1/appLaravel/animals-api/vendor/laravel/framework/src/Illuminate/Database/Query/Builder.php(2728): Illuminate\\Database\\Query\\Builder->aggregate()
#10 /media/lana/Data1/appLaravel/animals-api/vendor/laravel/framework/src/Illuminate/Validation/DatabasePresenceVerifier.php(55): Illuminate\\Database\\Query\\Builder->count()
#11 /media/lana/Data1/appLaravel/animals-api/vendor/laravel/framework/src/Illuminate/Validation/Concerns/ValidatesAttributes.php(786): Illuminate\\Validation\\DatabasePresenceVerifier->getCount()
#12 /media/lana/Data1/appLaravel/animals-api/vendor/laravel/framework/src/Illuminate/Validation/Validator.php(603): Illuminate\\Validation\\Validator->validateUnique()
#13 /media/lana/Data1/appLaravel/animals-api/vendor/laravel/framework/src/Illuminate/Validation/Validator.php(412): Illuminate\\Validation\\Validator->validateAttribute()
#14 /media/lana/Data1/appLaravel/animals-api/vendor/laravel/framework/src/Illuminate/Validation/Validator.php(443): Illuminate\\Validation\\Validator->passes()
#15 /media/lana/Data1/appLaravel/animals-api/vendor/laravel/framework/src/Illuminate/Validation/Validator.php(485): Illuminate\\Validation\\Validator->fails()
#16 /media/lana/Data1/appLaravel/animals-api/vendor/laravel/framework/src/Illuminate/Validation/Factory.php(145): Illuminate\\Validation\\Validator->validate()
#17 /media/lana/Data1/appLaravel/animals-api/vendor/laravel/framework/src/Illuminate/Foundation/Providers/FoundationServiceProvider.php(63): Illuminate\\Validation\\Factory->validate()
#18 /media/lana/Data1/appLaravel/animals-api/vendor/laravel/framework/src/Illuminate/Macroable/Traits/Macroable.php(114): Illuminate\\Http\\Request->Illuminate\\Foundation\\Providers\\{closure}()
#19 /media/lana/Data1/appLaravel/animals-api/app/Http/Controllers/StudentController.php(18): Illuminate\\Http\\Request->__call()
#20 /media/lana/Data1/appLaravel/animals-api/vendor/laravel/framework/src/Illuminate/Routing/Controller.php(54): App\\Http\\Controllers\\StudentController->create()
#21 /media/lana/Data1/appLaravel/animals-api/vendor/laravel/framework/src/Illuminate/Routing/ControllerDispatcher.php(45): Illuminate\\Routing\\Controller->callAction()
#22 /media/lana/Data1/appLaravel/animals-api/vendor/laravel/framework/src/Illuminate/Routing/Route.php(262): Illuminate\\Routing\\ControllerDispatcher->dispatch()
#23 /media/lana/Data1/appLaravel/animals-api/vendor/laravel/framework/src/Illuminate/Routing/Route.php(205): Illuminate\\Routing\\Route->runController()
#24 /media/lana/Data1/appLaravel/animals-api/vendor/laravel/framework/src/Illuminate/Routing/Router.php(695): Illuminate\\Routing\\Route->run()
#25 /media/lana/Data1/appLaravel/animals-api/vendor/laravel/framework/src/Illuminate/Pipeline/Pipeline.php(128): Illuminate\\Routing\\Router->Illuminate\\Routing\\{closure}()
#26 /media/lana/Data1/appLaravel/animals-api/vendor/laravel/framework/src/Illuminate/Routing/Middleware/SubstituteBindings.php(50): Illuminate\\Pipeline\\Pipeline->Illuminate\\Pipeline\\{closure}()
#27 /media/lana/Data1/appLaravel/animals-api/vendor/laravel/framework/src/Illuminate/Pipeline/Pipeline.php(167): Illuminate\\Routing\\Middleware\\SubstituteBindings->handle()
#28 /media/lana/Data1/appLaravel/animals-api/vendor/laravel/framework/src/Illuminate/Routing/Middleware/ThrottleRequests.php(127): Illuminate\\Pipeline\\Pipeline->Illuminate\\Pipeline\\{closure}()
#29 /media/lana/Data1/appLaravel/animals-api/vendor/laravel/framework/src/Illuminate/Routing/Middleware/ThrottleRequests.php(103): Illuminate\\Routing\\Middleware\\ThrottleRequests->handleRequest()
#30 /media/lana/Data1/appLaravel/animals-api/vendor/laravel/framework/src/Illuminate/Routing/Middleware/ThrottleRequests.php(55): Illuminate\\Routing\\Middleware\\ThrottleRequests->handleRequestUsingNamedLimiter()
#31 /media/lana/Data1/appLaravel/animals-api/vendor/laravel/framework/src/Illuminate/Pipeline/Pipeline.php(167): Illuminate\\Routing\\Middleware\\ThrottleRequests->handle()
#32 /media/lana/Data1/appLaravel/animals-api/vendor/laravel/framework/src/Illuminate/Pipeline/Pipeline.php(103): Illuminate\\Pipeline\\Pipeline->Illuminate\\Pipeline\\{closure}()
#33 /media/lana/Data1/appLaravel/animals-api/vendor/laravel/framework/src/Illuminate/Routing/Router.php(697): Illuminate\\Pipeline\\Pipeline->then()
#34 /media/lana/Data1/appLaravel/animals-api/vendor/laravel/framework/src/Illuminate/Routing/Router.php(672): Illuminate\\Routing\\Router->runRouteWithinStack()
#35 /media/lana/Data1/appLaravel/animals-api/vendor/laravel/framework/src/Illuminate/Routing/Router.php(636): Illuminate\\Routing\\Router->runRoute()
#36 /media/lana/Data1/appLaravel/animals-api/vendor/laravel/framework/src/Illuminate/Routing/Router.php(625): Illuminate\\Routing\\Router->dispatchToRoute()
#37 /media/lana/Data1/appLaravel/animals-api/vendor/laravel/framework/src/Illuminate/Foundation/Http/Kernel.php(167): Illuminate\\Routing\\Router->dispatch()
#38 /media/lana/Data1/appLaravel/animals-api/vendor/laravel/framework/src/Illuminate/Pipeline/Pipeline.php(128): Illuminate\\Foundation\\Http\\Kernel->Illuminate\\Foundation\\Http\\{closure}()
#39 /media/lana/Data1/appLaravel/animals-api/vendor/laravel/framework/src/Illuminate/Foundation/Http/Middleware/TransformsRequest.php(21): Illuminate\\Pipeline\\Pipeline->Illuminate\\Pipeline\\{closure}()
#40 /media/lana/Data1/appLaravel/animals-api/vendor/laravel/framework/src/Illuminate/Foundation/Http/Middleware/ConvertEmptyStringsToNull.php(31): Illuminate\\Foundation\\Http\\Middleware\\TransformsRequest->handle()
#41 /media/lana/Data1/appLaravel/animals-api/vendor/laravel/framework/src/Illuminate/Pipeline/Pipeline.php(167): Illuminate\\Foundation\\Http\\Middleware\\ConvertEmptyStringsToNull->handle()
#42 /media/lana/Data1/appLaravel/animals-api/vendor/laravel/framework/src/Illuminate/Foundation/Http/Middleware/TransformsRequest.php(21): Illuminate\\Pipeline\\Pipeline->Illuminate\\Pipeline\\{closure}()
#43 /media/lana/Data1/appLaravel/animals-api/vendor/laravel/framework/src/Illuminate/Foundation/Http/Middleware/TrimStrings.php(40): Illuminate\\Foundation\\Http\\Middleware\\TransformsRequest->handle()
#44 /media/lana/Data1/appLaravel/animals-api/vendor/laravel/framework/src/Illuminate/Pipeline/Pipeline.php(167): Illuminate\\Foundation\\Http\\Middleware\\TrimStrings->handle()
#45 /media/lana/Data1/appLaravel/animals-api/vendor/laravel/framework/src/Illuminate/Foundation/Http/Middleware/ValidatePostSize.php(27): Illuminate\\Pipeline\\Pipeline->Illuminate\\Pipeline\\{closure}()
#46 /media/lana/Data1/appLaravel/animals-api/vendor/laravel/framework/src/Illuminate/Pipeline/Pipeline.php(167): Illuminate\\Foundation\\Http\\Middleware\\ValidatePostSize->handle()
#47 /media/lana/Data1/appLaravel/animals-api/vendor/laravel/framework/src/Illuminate/Foundation/Http/Middleware/PreventRequestsDuringMaintenance.php(86): Illuminate\\Pipeline\\Pipeline->Illuminate\\Pipeline\\{closure}()
#48 /media/lana/Data1/appLaravel/animals-api/vendor/laravel/framework/src/Illuminate/Pipeline/Pipeline.php(167): Illuminate\\Foundation\\Http\\Middleware\\PreventRequestsDuringMaintenance->handle()
#49 /media/lana/Data1/appLaravel/animals-api/vendor/fruitcake/laravel-cors/src/HandleCors.php(52): Illuminate\\Pipeline\\Pipeline->Illuminate\\Pipeline\\{closure}()
#50 /media/lana/Data1/appLaravel/animals-api/vendor/laravel/framework/src/Illuminate/Pipeline/Pipeline.php(167): Fruitcake\\Cors\\HandleCors->handle()
#51 /media/lana/Data1/appLaravel/animals-api/vendor/laravel/framework/src/Illuminate/Http/Middleware/TrustProxies.php(39): Illuminate\\Pipeline\\Pipeline->Illuminate\\Pipeline\\{closure}()
#52 /media/lana/Data1/appLaravel/animals-api/vendor/laravel/framework/src/Illuminate/Pipeline/Pipeline.php(167): Illuminate\\Http\\Middleware\\TrustProxies->handle()
#53 /media/lana/Data1/appLaravel/animals-api/vendor/laravel/framework/src/Illuminate/Pipeline/Pipeline.php(103): Illuminate\\Pipeline\\Pipeline->Illuminate\\Pipeline\\{closure}()
#54 /media/lana/Data1/appLaravel/animals-api/vendor/laravel/framework/src/Illuminate/Foundation/Http/Kernel.php(142): Illuminate\\Pipeline\\Pipeline->then()
#55 /media/lana/Data1/appLaravel/animals-api/vendor/laravel/framework/src/Illuminate/Foundation/Http/Kernel.php(111): Illuminate\\Foundation\\Http\\Kernel->sendRequestThroughRouter()
#56 /media/lana/Data1/appLaravel/animals-api/public/index.php(52): Illuminate\\Foundation\\Http\\Kernel->handle()
#57 /media/lana/Data1/appLaravel/animals-api/server.php(21): require_once('...')
#58 {main}
"} 
[2021-11-01 13:08:29] local.ERROR: Validation rule unique requires at least 1 parameters. {"exception":"[object] (InvalidArgumentException(code: 0): Validation rule unique requires at least 1 parameters. at /media/lana/Data1/appLaravel/animals-api/vendor/laravel/framework/src/Illuminate/Validation/Concerns/ValidatesAttributes.php:2054)
[stacktrace]
#0 /media/lana/Data1/appLaravel/animals-api/vendor/laravel/framework/src/Illuminate/Validation/Concerns/ValidatesAttributes.php(755): Illuminate\\Validation\\Validator->requireParameterCount()
#1 /media/lana/Data1/appLaravel/animals-api/vendor/laravel/framework/src/Illuminate/Validation/Validator.php(603): Illuminate\\Validation\\Validator->validateUnique()
#2 /media/lana/Data1/appLaravel/animals-api/vendor/laravel/framework/src/Illuminate/Validation/Validator.php(412): Illuminate\\Validation\\Validator->validateAttribute()
#3 /media/lana/Data1/appLaravel/animals-api/vendor/laravel/framework/src/Illuminate/Validation/Validator.php(443): Illuminate\\Validation\\Validator->passes()
#4 /media/lana/Data1/appLaravel/animals-api/app/Http/Controllers/StudentController.php(27): Illuminate\\Validation\\Validator->fails()
#5 /media/lana/Data1/appLaravel/animals-api/vendor/laravel/framework/src/Illuminate/Routing/Controller.php(54): App\\Http\\Controllers\\StudentController->create()
#6 /media/lana/Data1/appLaravel/animals-api/vendor/laravel/framework/src/Illuminate/Routing/ControllerDispatcher.php(45): Illuminate\\Routing\\Controller->callAction()
#7 /media/lana/Data1/appLaravel/animals-api/vendor/laravel/framework/src/Illuminate/Routing/Route.php(262): Illuminate\\Routing\\ControllerDispatcher->dispatch()
#8 /media/lana/Data1/appLaravel/animals-api/vendor/laravel/framework/src/Illuminate/Routing/Route.php(205): Illuminate\\Routing\\Route->runController()
#9 /media/lana/Data1/appLaravel/animals-api/vendor/laravel/framework/src/Illuminate/Routing/Router.php(695): Illuminate\\Routing\\Route->run()
#10 /media/lana/Data1/appLaravel/animals-api/vendor/laravel/framework/src/Illuminate/Pipeline/Pipeline.php(128): Illuminate\\Routing\\Router->Illuminate\\Routing\\{closure}()
#11 /media/lana/Data1/appLaravel/animals-api/vendor/laravel/framework/src/Illuminate/Routing/Middleware/SubstituteBindings.php(50): Illuminate\\Pipeline\\Pipeline->Illuminate\\Pipeline\\{closure}()
#12 /media/lana/Data1/appLaravel/animals-api/vendor/laravel/framework/src/Illuminate/Pipeline/Pipeline.php(167): Illuminate\\Routing\\Middleware\\SubstituteBindings->handle()
#13 /media/lana/Data1/appLaravel/animals-api/vendor/laravel/framework/src/Illuminate/Routing/Middleware/ThrottleRequests.php(127): Illuminate\\Pipeline\\Pipeline->Illuminate\\Pipeline\\{closure}()
#14 /media/lana/Data1/appLaravel/animals-api/vendor/laravel/framework/src/Illuminate/Routing/Middleware/ThrottleRequests.php(103): Illuminate\\Routing\\Middleware\\ThrottleRequests->handleRequest()
#15 /media/lana/Data1/appLaravel/animals-api/vendor/laravel/framework/src/Illuminate/Routing/Middleware/ThrottleRequests.php(55): Illuminate\\Routing\\Middleware\\ThrottleRequests->handleRequestUsingNamedLimiter()
#16 /media/lana/Data1/appLaravel/animals-api/vendor/laravel/framework/src/Illuminate/Pipeline/Pipeline.php(167): Illuminate\\Routing\\Middleware\\ThrottleRequests->handle()
#17 /media/lana/Data1/appLaravel/animals-api/vendor/laravel/framework/src/Illuminate/Pipeline/Pipeline.php(103): Illuminate\\Pipeline\\Pipeline->Illuminate\\Pipeline\\{closure}()
#18 /media/lana/Data1/appLaravel/animals-api/vendor/laravel/framework/src/Illuminate/Routing/Router.php(697): Illuminate\\Pipeline\\Pipeline->then()
#19 /media/lana/Data1/appLaravel/animals-api/vendor/laravel/framework/src/Illuminate/Routing/Router.php(672): Illuminate\\Routing\\Router->runRouteWithinStack()
#20 /media/lana/Data1/appLaravel/animals-api/vendor/laravel/framework/src/Illuminate/Routing/Router.php(636): Illuminate\\Routing\\Router->runRoute()
#21 /media/lana/Data1/appLaravel/animals-api/vendor/laravel/framework/src/Illuminate/Routing/Router.php(625): Illuminate\\Routing\\Router->dispatchToRoute()
#22 /media/lana/Data1/appLaravel/animals-api/vendor/laravel/framework/src/Illuminate/Foundation/Http/Kernel.php(167): Illuminate\\Routing\\Router->dispatch()
#23 /media/lana/Data1/appLaravel/animals-api/vendor/laravel/framework/src/Illuminate/Pipeline/Pipeline.php(128): Illuminate\\Foundation\\Http\\Kernel->Illuminate\\Foundation\\Http\\{closure}()
#24 /media/lana/Data1/appLaravel/animals-api/vendor/laravel/framework/src/Illuminate/Foundation/Http/Middleware/TransformsRequest.php(21): Illuminate\\Pipeline\\Pipeline->Illuminate\\Pipeline\\{closure}()
#25 /media/lana/Data1/appLaravel/animals-api/vendor/laravel/framework/src/Illuminate/Foundation/Http/Middleware/ConvertEmptyStringsToNull.php(31): Illuminate\\Foundation\\Http\\Middleware\\TransformsRequest->handle()
#26 /media/lana/Data1/appLaravel/animals-api/vendor/laravel/framework/src/Illuminate/Pipeline/Pipeline.php(167): Illuminate\\Foundation\\Http\\Middleware\\ConvertEmptyStringsToNull->handle()
#27 /media/lana/Data1/appLaravel/animals-api/vendor/laravel/framework/src/Illuminate/Foundation/Http/Middleware/TransformsRequest.php(21): Illuminate\\Pipeline\\Pipeline->Illuminate\\Pipeline\\{closure}()
#28 /media/lana/Data1/appLaravel/animals-api/vendor/laravel/framework/src/Illuminate/Foundation/Http/Middleware/TrimStrings.php(40): Illuminate\\Foundation\\Http\\Middleware\\TransformsRequest->handle()
#29 /media/lana/Data1/appLaravel/animals-api/vendor/laravel/framework/src/Illuminate/Pipeline/Pipeline.php(167): Illuminate\\Foundation\\Http\\Middleware\\TrimStrings->handle()
#30 /media/lana/Data1/appLaravel/animals-api/vendor/laravel/framework/src/Illuminate/Foundation/Http/Middleware/ValidatePostSize.php(27): Illuminate\\Pipeline\\Pipeline->Illuminate\\Pipeline\\{closure}()
#31 /media/lana/Data1/appLaravel/animals-api/vendor/laravel/framework/src/Illuminate/Pipeline/Pipeline.php(167): Illuminate\\Foundation\\Http\\Middleware\\ValidatePostSize->handle()
#32 /media/lana/Data1/appLaravel/animals-api/vendor/laravel/framework/src/Illuminate/Foundation/Http/Middleware/PreventRequestsDuringMaintenance.php(86): Illuminate\\Pipeline\\Pipeline->Illuminate\\Pipeline\\{closure}()
#33 /media/lana/Data1/appLaravel/animals-api/vendor/laravel/framework/src/Illuminate/Pipeline/Pipeline.php(167): Illuminate\\Foundation\\Http\\Middleware\\PreventRequestsDuringMaintenance->handle()
#34 /media/lana/Data1/appLaravel/animals-api/vendor/fruitcake/laravel-cors/src/HandleCors.php(52): Illuminate\\Pipeline\\Pipeline->Illuminate\\Pipeline\\{closure}()
#35 /media/lana/Data1/appLaravel/animals-api/vendor/laravel/framework/src/Illuminate/Pipeline/Pipeline.php(167): Fruitcake\\Cors\\HandleCors->handle()
#36 /media/lana/Data1/appLaravel/animals-api/vendor/laravel/framework/src/Illuminate/Http/Middleware/TrustProxies.php(39): Illuminate\\Pipeline\\Pipeline->Illuminate\\Pipeline\\{closure}()
#37 /media/lana/Data1/appLaravel/animals-api/vendor/laravel/framework/src/Illuminate/Pipeline/Pipeline.php(167): Illuminate\\Http\\Middleware\\TrustProxies->handle()
#38 /media/lana/Data1/appLaravel/animals-api/vendor/laravel/framework/src/Illuminate/Pipeline/Pipeline.php(103): Illuminate\\Pipeline\\Pipeline->Illuminate\\Pipeline\\{closure}()
#39 /media/lana/Data1/appLaravel/animals-api/vendor/laravel/framework/src/Illuminate/Foundation/Http/Kernel.php(142): Illuminate\\Pipeline\\Pipeline->then()
#40 /media/lana/Data1/appLaravel/animals-api/vendor/laravel/framework/src/Illuminate/Foundation/Http/Kernel.php(111): Illuminate\\Foundation\\Http\\Kernel->sendRequestThroughRouter()
#41 /media/lana/Data1/appLaravel/animals-api/public/index.php(52): Illuminate\\Foundation\\Http\\Kernel->handle()
#42 /media/lana/Data1/appLaravel/animals-api/server.php(21): require_once('...')
#43 {main}
"} 
[2021-11-01 13:09:27] local.ERROR: Validation rule unique requires at least 1 parameters. {"exception":"[object] (InvalidArgumentException(code: 0): Validation rule unique requires at least 1 parameters. at /media/lana/Data1/appLaravel/animals-api/vendor/laravel/framework/src/Illuminate/Validation/Concerns/ValidatesAttributes.php:2054)
[stacktrace]
#0 /media/lana/Data1/appLaravel/animals-api/vendor/laravel/framework/src/Illuminate/Validation/Concerns/ValidatesAttributes.php(755): Illuminate\\Validation\\Validator->requireParameterCount()
#1 /media/lana/Data1/appLaravel/animals-api/vendor/laravel/framework/src/Illuminate/Validation/Validator.php(603): Illuminate\\Validation\\Validator->validateUnique()
#2 /media/lana/Data1/appLaravel/animals-api/vendor/laravel/framework/src/Illuminate/Validation/Validator.php(412): Illuminate\\Validation\\Validator->validateAttribute()
#3 /media/lana/Data1/appLaravel/animals-api/vendor/laravel/framework/src/Illuminate/Validation/Validator.php(443): Illuminate\\Validation\\Validator->passes()
#4 /media/lana/Data1/appLaravel/animals-api/app/Http/Controllers/StudentController.php(27): Illuminate\\Validation\\Validator->fails()
#5 /media/lana/Data1/appLaravel/animals-api/vendor/laravel/framework/src/Illuminate/Routing/Controller.php(54): App\\Http\\Controllers\\StudentController->create()
#6 /media/lana/Data1/appLaravel/animals-api/vendor/laravel/framework/src/Illuminate/Routing/ControllerDispatcher.php(45): Illuminate\\Routing\\Controller->callAction()
#7 /media/lana/Data1/appLaravel/animals-api/vendor/laravel/framework/src/Illuminate/Routing/Route.php(262): Illuminate\\Routing\\ControllerDispatcher->dispatch()
#8 /media/lana/Data1/appLaravel/animals-api/vendor/laravel/framework/src/Illuminate/Routing/Route.php(205): Illuminate\\Routing\\Route->runController()
#9 /media/lana/Data1/appLaravel/animals-api/vendor/laravel/framework/src/Illuminate/Routing/Router.php(695): Illuminate\\Routing\\Route->run()
#10 /media/lana/Data1/appLaravel/animals-api/vendor/laravel/framework/src/Illuminate/Pipeline/Pipeline.php(128): Illuminate\\Routing\\Router->Illuminate\\Routing\\{closure}()
#11 /media/lana/Data1/appLaravel/animals-api/vendor/laravel/framework/src/Illuminate/Routing/Middleware/SubstituteBindings.php(50): Illuminate\\Pipeline\\Pipeline->Illuminate\\Pipeline\\{closure}()
#12 /media/lana/Data1/appLaravel/animals-api/vendor/laravel/framework/src/Illuminate/Pipeline/Pipeline.php(167): Illuminate\\Routing\\Middleware\\SubstituteBindings->handle()
#13 /media/lana/Data1/appLaravel/animals-api/vendor/laravel/framework/src/Illuminate/Routing/Middleware/ThrottleRequests.php(127): Illuminate\\Pipeline\\Pipeline->Illuminate\\Pipeline\\{closure}()
#14 /media/lana/Data1/appLaravel/animals-api/vendor/laravel/framework/src/Illuminate/Routing/Middleware/ThrottleRequests.php(103): Illuminate\\Routing\\Middleware\\ThrottleRequests->handleRequest()
#15 /media/lana/Data1/appLaravel/animals-api/vendor/laravel/framework/src/Illuminate/Routing/Middleware/ThrottleRequests.php(55): Illuminate\\Routing\\Middleware\\ThrottleRequests->handleRequestUsingNamedLimiter()
#16 /media/lana/Data1/appLaravel/animals-api/vendor/laravel/framework/src/Illuminate/Pipeline/Pipeline.php(167): Illuminate\\Routing\\Middleware\\ThrottleRequests->handle()
#17 /media/lana/Data1/appLaravel/animals-api/vendor/laravel/framework/src/Illuminate/Pipeline/Pipeline.php(103): Illuminate\\Pipeline\\Pipeline->Illuminate\\Pipeline\\{closure}()
#18 /media/lana/Data1/appLaravel/animals-api/vendor/laravel/framework/src/Illuminate/Routing/Router.php(697): Illuminate\\Pipeline\\Pipeline->then()
#19 /media/lana/Data1/appLaravel/animals-api/vendor/laravel/framework/src/Illuminate/Routing/Router.php(672): Illuminate\\Routing\\Router->runRouteWithinStack()
#20 /media/lana/Data1/appLaravel/animals-api/vendor/laravel/framework/src/Illuminate/Routing/Router.php(636): Illuminate\\Routing\\Router->runRoute()
#21 /media/lana/Data1/appLaravel/animals-api/vendor/laravel/framework/src/Illuminate/Routing/Router.php(625): Illuminate\\Routing\\Router->dispatchToRoute()
#22 /media/lana/Data1/appLaravel/animals-api/vendor/laravel/framework/src/Illuminate/Foundation/Http/Kernel.php(167): Illuminate\\Routing\\Router->dispatch()
#23 /media/lana/Data1/appLaravel/animals-api/vendor/laravel/framework/src/Illuminate/Pipeline/Pipeline.php(128): Illuminate\\Foundation\\Http\\Kernel->Illuminate\\Foundation\\Http\\{closure}()
#24 /media/lana/Data1/appLaravel/animals-api/vendor/laravel/framework/src/Illuminate/Foundation/Http/Middleware/TransformsRequest.php(21): Illuminate\\Pipeline\\Pipeline->Illuminate\\Pipeline\\{closure}()
#25 /media/lana/Data1/appLaravel/animals-api/vendor/laravel/framework/src/Illuminate/Foundation/Http/Middleware/ConvertEmptyStringsToNull.php(31): Illuminate\\Foundation\\Http\\Middleware\\TransformsRequest->handle()
#26 /media/lana/Data1/appLaravel/animals-api/vendor/laravel/framework/src/Illuminate/Pipeline/Pipeline.php(167): Illuminate\\Foundation\\Http\\Middleware\\ConvertEmptyStringsToNull->handle()
#27 /media/lana/Data1/appLaravel/animals-api/vendor/laravel/framework/src/Illuminate/Foundation/Http/Middleware/TransformsRequest.php(21): Illuminate\\Pipeline\\Pipeline->Illuminate\\Pipeline\\{closure}()
#28 /media/lana/Data1/appLaravel/animals-api/vendor/laravel/framework/src/Illuminate/Foundation/Http/Middleware/TrimStrings.php(40): Illuminate\\Foundation\\Http\\Middleware\\TransformsRequest->handle()
#29 /media/lana/Data1/appLaravel/animals-api/vendor/laravel/framework/src/Illuminate/Pipeline/Pipeline.php(167): Illuminate\\Foundation\\Http\\Middleware\\TrimStrings->handle()
#30 /media/lana/Data1/appLaravel/animals-api/vendor/laravel/framework/src/Illuminate/Foundation/Http/Middleware/ValidatePostSize.php(27): Illuminate\\Pipeline\\Pipeline->Illuminate\\Pipeline\\{closure}()
#31 /media/lana/Data1/appLaravel/animals-api/vendor/laravel/framework/src/Illuminate/Pipeline/Pipeline.php(167): Illuminate\\Foundation\\Http\\Middleware\\ValidatePostSize->handle()
#32 /media/lana/Data1/appLaravel/animals-api/vendor/laravel/framework/src/Illuminate/Foundation/Http/Middleware/PreventRequestsDuringMaintenance.php(86): Illuminate\\Pipeline\\Pipeline->Illuminate\\Pipeline\\{closure}()
#33 /media/lana/Data1/appLaravel/animals-api/vendor/laravel/framework/src/Illuminate/Pipeline/Pipeline.php(167): Illuminate\\Foundation\\Http\\Middleware\\PreventRequestsDuringMaintenance->handle()
#34 /media/lana/Data1/appLaravel/animals-api/vendor/fruitcake/laravel-cors/src/HandleCors.php(52): Illuminate\\Pipeline\\Pipeline->Illuminate\\Pipeline\\{closure}()
#35 /media/lana/Data1/appLaravel/animals-api/vendor/laravel/framework/src/Illuminate/Pipeline/Pipeline.php(167): Fruitcake\\Cors\\HandleCors->handle()
#36 /media/lana/Data1/appLaravel/animals-api/vendor/laravel/framework/src/Illuminate/Http/Middleware/TrustProxies.php(39): Illuminate\\Pipeline\\Pipeline->Illuminate\\Pipeline\\{closure}()
#37 /media/lana/Data1/appLaravel/animals-api/vendor/laravel/framework/src/Illuminate/Pipeline/Pipeline.php(167): Illuminate\\Http\\Middleware\\TrustProxies->handle()
#38 /media/lana/Data1/appLaravel/animals-api/vendor/laravel/framework/src/Illuminate/Pipeline/Pipeline.php(103): Illuminate\\Pipeline\\Pipeline->Illuminate\\Pipeline\\{closure}()
#39 /media/lana/Data1/appLaravel/animals-api/vendor/laravel/framework/src/Illuminate/Foundation/Http/Kernel.php(142): Illuminate\\Pipeline\\Pipeline->then()
#40 /media/lana/Data1/appLaravel/animals-api/vendor/laravel/framework/src/Illuminate/Foundation/Http/Kernel.php(111): Illuminate\\Foundation\\Http\\Kernel->sendRequestThroughRouter()
#41 /media/lana/Data1/appLaravel/animals-api/public/index.php(52): Illuminate\\Foundation\\Http\\Kernel->handle()
#42 /media/lana/Data1/appLaravel/animals-api/server.php(21): require_once('...')
#43 {main}
"} 
